[2025-03-22T15:12:50.135Z] Fetched federal tax brackets.
[2025-03-22T15:12:50.449Z] Fetched tax data for state: California
[2025-03-22T15:12:51.072Z] Fetched all state names.
[2025-03-22T15:12:51.406Z] Tax data uploaded successfully.
[2025-03-22T15:18:13.491Z] Fetched federal tax brackets.
[2025-03-22T15:18:13.811Z] Fetched tax data for state: California
[2025-03-22T15:18:14.428Z] Fetched all state names.
[2025-03-22T15:18:14.852Z] Tax data uploaded successfully.
[2025-03-22T15:21:16.477Z] Fetched federal tax brackets.
[2025-03-22T15:21:16.817Z] Fetched tax data for state: California
[2025-03-22T15:21:17.432Z] Fetched all state names.
[2025-03-22T15:21:17.785Z] Tax data uploaded successfully.
[2025-03-22T15:24:59.775Z] Fetched federal tax brackets.
[2025-03-22T15:25:00.121Z] Fetched tax data for state: California
[2025-03-22T15:25:00.725Z] Fetched all state names.
[2025-03-22T15:25:01.064Z] Tax data uploaded successfully.
[2025-03-22T15:26:44.223Z] Fetched federal tax brackets.
[2025-03-22T15:26:44.543Z] Fetched tax data for state: California
[2025-03-22T15:26:45.157Z] Fetched all state names.
[2025-03-22T15:26:45.507Z] Tax data uploaded successfully.
[2025-03-22T15:27:44.283Z] Fetched federal tax brackets.
[2025-03-22T15:27:44.668Z] Fetched tax data for state: California
[2025-03-22T15:27:45.413Z] Fetched all state names.
[2025-03-22T15:27:45.803Z] Tax data uploaded successfully.
[2025-03-22T15:29:49.885Z] Fetched federal tax brackets.
[2025-03-22T15:29:50.205Z] Fetched tax data for state: California
[2025-03-22T15:29:50.821Z] Fetched all state names.
[2025-03-22T15:29:51.172Z] Tax data uploaded successfully.
[2025-03-22T15:32:58.584Z] Fetched federal tax brackets.
[2025-03-22T15:32:58.918Z] Fetched tax data for state: California
[2025-03-22T15:32:59.573Z] Fetched all state names.
[2025-03-22T15:32:59.972Z] Tax data uploaded successfully.
[2025-03-22T15:38:41.956Z] Fetched federal tax brackets.
[2025-03-22T15:38:42.309Z] Fetched tax data for state: California
[2025-03-22T15:38:42.985Z] Fetched all state names.
[2025-03-22T15:38:43.346Z] Tax data uploaded successfully.
[2025-03-22T18:06:19.707Z] Fetched federal tax brackets.
[2025-03-22T18:06:19.901Z] Fetched tax data for state: California
[2025-03-22T18:06:20.261Z] Fetched all state names.
[2025-03-22T18:06:20.467Z] Tax data uploaded successfully.
[2025-04-06T18:51:11.632Z] Fetched federal tax brackets.
[2025-04-06T18:51:11.852Z] Fetched tax data for state: California
[2025-04-06T18:51:12.269Z] Fetched all state names.
[2025-04-06T18:51:12.484Z] Tax data uploaded successfully.
[2025-04-10T17:27:25.001Z] Fetched all state names.
[2025-04-10T17:27:25.063Z] Fetched all state names.
[2025-04-10T17:27:25.073Z] Fetched federal tax brackets.
[2025-04-10T17:27:25.112Z] Fetched federal tax brackets.
[2025-04-10T17:27:53.168Z] Fetched all state names.
[2025-04-10T17:27:53.215Z] Fetched all state names.
[2025-04-10T17:27:53.218Z] Fetched federal tax brackets.
[2025-04-10T17:27:53.261Z] Fetched federal tax brackets.
[2025-04-10T17:27:55.478Z] Fetched all state names.
[2025-04-10T17:27:55.521Z] Fetched all state names.
[2025-04-10T17:27:55.524Z] Fetched federal tax brackets.
[2025-04-10T17:27:55.570Z] Fetched federal tax brackets.
[2025-04-10T17:27:56.479Z] Fetched all state names.
[2025-04-10T17:27:56.530Z] Fetched all state names.
[2025-04-10T17:27:56.535Z] Fetched federal tax brackets.
[2025-04-10T17:27:56.580Z] Fetched federal tax brackets.
[2025-04-10T17:29:24.728Z] Tax data uploaded successfully.
[2025-04-10T17:29:29.143Z] Fetched all state names.
[2025-04-10T17:29:29.184Z] Fetched all state names.
[2025-04-10T17:29:29.188Z] Fetched federal tax brackets.
[2025-04-10T17:29:29.228Z] Fetched federal tax brackets.
[2025-04-10T17:29:43.263Z] Fetched federal tax brackets.
[2025-04-10T17:29:43.300Z] Fetched federal tax brackets.
[2025-04-10T17:29:49.007Z] Fetched all state names.
[2025-04-10T17:29:49.048Z] Fetched all state names.
[2025-04-10T17:29:49.050Z] Fetched federal tax brackets.
[2025-04-10T17:29:49.095Z] Fetched federal tax brackets.
[2025-04-10T17:29:50.000Z] Fetched tax data for state: California
[2025-04-10T17:29:50.044Z] Fetched tax data for state: California
[2025-04-10T17:29:53.974Z] Fetched all state names.
[2025-04-10T17:29:54.013Z] Fetched all state names.
[2025-04-10T17:29:54.014Z] Fetched federal tax brackets.
[2025-04-10T17:29:54.054Z] Fetched federal tax brackets.
[2025-04-10T17:29:55.164Z] Fetched tax data for state: Texas
[2025-04-10T17:29:55.209Z] Fetched tax data for state: Texas
[2025-04-10T17:50:03.771Z] Fetched federal tax brackets.
[2025-04-10T17:50:03.993Z] Fetched tax data for state: California
[2025-04-10T17:50:04.406Z] Fetched all state names.
[2025-04-10T17:50:04.649Z] Tax data uploaded successfully.
[2025-04-10T17:51:42.797Z] Fetched federal tax brackets.
[2025-04-10T17:51:43.007Z] Fetched tax data for state: California
[2025-04-10T17:51:43.425Z] Fetched all state names.
[2025-04-10T17:51:43.659Z] Tax data uploaded successfully.
[2025-04-10T17:56:39.053Z] Fetched federal tax brackets.
[2025-04-10T17:56:39.350Z] Fetched tax data for state: California
[2025-04-10T17:56:39.941Z] Fetched all state names.
[2025-04-10T17:56:40.320Z] Tax data uploaded successfully.
[2025-04-10T18:03:52.024Z] Fetched federal tax brackets.
[2025-04-10T18:03:52.326Z] Fetched tax data for state: California
[2025-04-10T18:03:52.881Z] Fetched all state names.
[2025-04-10T18:03:53.183Z] Tax data uploaded successfully.
[2025-04-27T19:26:32.323Z] Fetched all state names.
[2025-04-27T19:26:32.380Z] Fetched all state names.
[2025-04-27T19:26:32.383Z] Fetched federal tax brackets.
[2025-04-27T19:26:32.434Z] Fetched federal tax brackets.
[2025-04-27T19:26:34.186Z] Fetched tax data for state: California
[2025-04-27T19:26:34.249Z] Fetched tax data for state: California
[2025-04-27T19:26:36.238Z] Fetched all state names.
[2025-04-27T19:26:36.283Z] Fetched all state names.
[2025-04-27T19:26:36.287Z] Fetched federal tax brackets.
[2025-04-27T19:26:36.333Z] Fetched federal tax brackets.
[2025-04-27T19:26:37.689Z] Fetched federal tax brackets.
[2025-04-27T19:26:37.737Z] Fetched federal tax brackets.
[2025-04-27T19:26:39.419Z] Fetched all state names.
[2025-04-27T19:26:39.466Z] Fetched all state names.
[2025-04-27T19:26:39.469Z] Fetched federal tax brackets.
[2025-04-27T19:26:39.513Z] Fetched federal tax brackets.
[2025-05-01T14:31:18.274Z] Fetched all state names.
[2025-05-01T14:31:18.316Z] Fetched all state names.
[2025-05-01T14:31:18.319Z] Fetched federal tax brackets.
[2025-05-01T14:31:18.362Z] Fetched federal tax brackets.
[2025-05-01T14:31:19.400Z] Fetched federal tax brackets.
[2025-05-01T14:31:19.446Z] Fetched federal tax brackets.
[2025-05-01T14:38:48.970Z] Fetched all state names.
[2025-05-01T14:38:49.018Z] Fetched all state names.
[2025-05-01T14:38:49.022Z] Fetched federal tax brackets.
[2025-05-01T14:38:49.067Z] Fetched federal tax brackets.
[2025-05-01T14:38:50.127Z] Fetched federal tax brackets.
[2025-05-01T14:38:50.177Z] Fetched federal tax brackets.
[2025-05-01T14:57:28.279Z] Fetched all state names.
[2025-05-01T14:57:28.320Z] Fetched all state names.
[2025-05-01T14:57:28.324Z] Fetched federal tax brackets.
[2025-05-01T14:57:28.364Z] Fetched federal tax brackets.
[2025-05-01T14:57:29.121Z] Fetched tax data for state: Texas
[2025-05-01T14:57:29.167Z] Fetched tax data for state: Texas
[2025-05-01T14:57:32.788Z] Fetched all state names.
[2025-05-01T14:57:32.834Z] Fetched all state names.
[2025-05-01T14:57:32.839Z] Fetched federal tax brackets.
[2025-05-01T14:57:32.887Z] Fetched federal tax brackets.
[2025-05-01T14:57:33.590Z] Fetched tax data for state: California
[2025-05-01T14:57:33.660Z] Fetched tax data for state: California
[2025-05-01T14:57:36.429Z] Fetched all state names.
[2025-05-01T14:57:36.473Z] Fetched all state names.
[2025-05-01T14:57:36.477Z] Fetched federal tax brackets.
[2025-05-01T14:57:36.524Z] Fetched federal tax brackets.
[2025-05-01T14:57:43.188Z] Fetched tax data for state: Texas
[2025-05-01T14:57:43.247Z] Fetched tax data for state: Texas
[2025-05-01T14:57:51.754Z] Fetched all state names.
[2025-05-01T14:57:51.800Z] Fetched all state names.
[2025-05-01T14:57:51.803Z] Fetched federal tax brackets.
[2025-05-01T14:57:51.848Z] Fetched federal tax brackets.
[2025-05-01T14:57:53.326Z] Fetched tax data for state: California
[2025-05-01T14:57:53.395Z] Fetched tax data for state: California
[2025-05-01T14:57:55.513Z] Fetched all state names.
[2025-05-01T14:57:55.558Z] Fetched all state names.
[2025-05-01T14:57:55.561Z] Fetched federal tax brackets.
[2025-05-01T14:57:55.606Z] Fetched federal tax brackets.
[2025-05-01T14:59:23.308Z] Fetched all state names.
[2025-05-01T14:59:23.357Z] Fetched federal tax brackets.
[2025-05-01T14:59:28.073Z] Fetched all state names.
[2025-05-01T14:59:28.114Z] Fetched all state names.
[2025-05-01T14:59:28.118Z] Fetched federal tax brackets.
[2025-05-01T14:59:28.162Z] Fetched federal tax brackets.
[2025-05-01T15:01:10.096Z] Fetched tax data for state: California
[2025-05-01T15:01:10.146Z] Fetched tax data for state: California
[2025-05-01T15:01:12.236Z] Fetched all state names.
[2025-05-01T15:01:12.281Z] Fetched all state names.
[2025-05-01T15:01:12.286Z] Fetched federal tax brackets.
[2025-05-01T15:01:12.332Z] Fetched federal tax brackets.
[2025-05-01T15:01:15.774Z] Fetched federal tax brackets.
[2025-05-01T15:01:15.821Z] Fetched federal tax brackets.
[2025-05-01T15:01:19.872Z] Fetched all state names.
[2025-05-01T15:01:19.920Z] Fetched all state names.
[2025-05-01T15:01:19.924Z] Fetched federal tax brackets.
[2025-05-01T15:01:19.971Z] Fetched federal tax brackets.
[2025-05-01T15:03:17.439Z] Fetched all state names.
[2025-05-01T15:03:17.485Z] Fetched all state names.
[2025-05-01T15:03:17.488Z] Fetched federal tax brackets.
[2025-05-01T15:03:17.530Z] Fetched federal tax brackets.
[2025-05-01T15:03:28.606Z] Fetched all state names.
[2025-05-01T15:03:28.654Z] Fetched all state names.
[2025-05-01T15:03:28.657Z] Fetched federal tax brackets.
[2025-05-01T15:03:28.708Z] Fetched federal tax brackets.
[2025-05-01T15:03:31.397Z] Fetched federal tax brackets.
[2025-05-01T15:03:31.445Z] Fetched federal tax brackets.
[2025-05-01T15:05:51.530Z] Fetched federal tax brackets.
[2025-05-01T15:05:51.576Z] Fetched federal tax brackets.
[2025-05-01T15:06:13.801Z] Fetched federal tax brackets.
[2025-05-01T15:06:13.843Z] Fetched federal tax brackets.
[2025-05-01T15:06:20.392Z] Fetched all state names.
[2025-05-01T15:06:20.440Z] Fetched all state names.
[2025-05-01T15:06:20.444Z] Fetched federal tax brackets.
[2025-05-01T15:06:20.491Z] Fetched federal tax brackets.
[2025-05-01T15:06:26.188Z] Fetched all state names.
[2025-05-01T15:06:26.235Z] Fetched all state names.
[2025-05-01T15:06:26.239Z] Fetched federal tax brackets.
[2025-05-01T15:06:26.285Z] Fetched federal tax brackets.
[2025-05-01T15:06:27.408Z] Fetched all state names.
[2025-05-01T15:06:27.452Z] Fetched all state names.
[2025-05-01T15:06:27.457Z] Fetched federal tax brackets.
[2025-05-01T15:06:27.504Z] Fetched federal tax brackets.
[2025-05-01T15:50:58.453Z] Fetched all state names.
[2025-05-01T15:50:58.504Z] Fetched all state names.
[2025-05-01T15:50:58.513Z] Fetched federal tax brackets.
[2025-05-01T15:50:58.564Z] Fetched federal tax brackets.
[2025-05-01T15:59:28.559Z] Tax data uploaded successfully.
[2025-05-01T15:59:30.205Z] Fetched all state names.
[2025-05-01T15:59:30.253Z] Fetched all state names.
[2025-05-01T15:59:30.259Z] Fetched federal tax brackets.
[2025-05-01T15:59:30.307Z] Fetched federal tax brackets.
[2025-05-01T15:59:43.711Z] Fetched tax data for state: Connecticut
[2025-05-01T15:59:43.771Z] Fetched tax data for state: Connecticut
[2025-05-01T15:59:48.883Z] Fetched all state names.
[2025-05-01T15:59:48.933Z] Fetched all state names.
[2025-05-01T15:59:48.939Z] Fetched federal tax brackets.
[2025-05-01T15:59:48.989Z] Fetched federal tax brackets.
[2025-05-01T17:01:37.608Z] Fetched federal tax brackets.
[2025-05-01T17:01:37.785Z] Fetched tax data for state: California
[2025-05-01T17:01:38.141Z] Fetched all state names.
[2025-05-01T17:01:38.331Z] Tax data uploaded successfully.
[2025-05-01T17:08:07.882Z] Fetched federal tax brackets.
[2025-05-01T17:08:08.080Z] Fetched tax data for state: California
[2025-05-01T17:08:08.459Z] Fetched all state names.
[2025-05-01T17:08:08.647Z] Tax data uploaded successfully.
[2025-05-01T17:10:59.201Z] Fetched federal tax brackets.
[2025-05-01T17:10:59.384Z] Fetched tax data for state: California
[2025-05-01T17:10:59.752Z] Fetched all state names.
[2025-05-01T17:11:00.009Z] Tax data uploaded successfully.
[2025-05-01T17:16:58.577Z] Fetched federal tax brackets.
[2025-05-01T17:16:58.776Z] Fetched tax data for state: California
[2025-05-01T17:16:59.148Z] Fetched all state names.
[2025-05-01T17:16:59.337Z] Tax data uploaded successfully.
[2025-05-01T17:18:38.710Z] Fetched federal tax brackets.
[2025-05-01T17:18:38.887Z] Fetched tax data for state: California
[2025-05-01T17:18:39.226Z] Fetched all state names.
[2025-05-01T17:18:39.420Z] Tax data uploaded successfully.
[2025-05-01T17:20:45.412Z] Fetched federal tax brackets.
[2025-05-01T17:20:45.746Z] Fetched tax data for state: California
[2025-05-01T17:20:46.385Z] Fetched all state names.
[2025-05-01T17:20:46.749Z] Tax data uploaded successfully.
[2025-05-01T17:52:20.010Z] Fetched federal tax brackets.
[2025-05-01T17:52:20.198Z] Fetched tax data for state: California
[2025-05-01T17:52:20.560Z] Fetched all state names.
[2025-05-01T17:52:20.762Z] Tax data uploaded successfully.
[2025-05-01T18:37:32.217Z] Fetched all state names.
[2025-05-01T18:37:32.280Z] Fetched all state names.
[2025-05-01T18:37:32.283Z] Fetched federal tax brackets.
[2025-05-01T18:37:32.329Z] Fetched federal tax brackets.
[2025-05-01T18:37:35.505Z] Fetched tax data for state: Connecticut
[2025-05-01T18:37:35.563Z] Fetched tax data for state: Connecticut
[2025-05-01T18:38:08.278Z] Fetched all state names.
[2025-05-01T18:38:08.342Z] Fetched all state names.
[2025-05-01T18:38:08.345Z] Fetched federal tax brackets.
[2025-05-01T18:38:08.389Z] Fetched federal tax brackets.
[2025-05-01T18:38:18.955Z] Fetched tax data for state: New York
[2025-05-01T18:38:19.005Z] Fetched tax data for state: New York
[2025-05-01T18:43:08.899Z] Fetched all state names.
[2025-05-01T18:43:08.945Z] Fetched all state names.
[2025-05-01T18:43:08.951Z] Fetched federal tax brackets.
[2025-05-01T18:43:08.995Z] Fetched federal tax brackets.
[2025-05-01T18:43:12.947Z] Fetched federal tax brackets.
[2025-05-01T18:43:12.990Z] Fetched federal tax brackets.
[2025-05-02T06:25:38.650Z] Fetched all state names.
[2025-05-02T06:25:38.712Z] Fetched all state names.
[2025-05-02T06:25:38.718Z] Fetched federal tax brackets.
[2025-05-02T06:25:38.776Z] Fetched federal tax brackets.
[2025-05-02T06:25:45.215Z] Tax data uploaded successfully.
[2025-05-02T06:25:47.142Z] Fetched all state names.
[2025-05-02T06:25:47.211Z] Fetched all state names.
[2025-05-02T06:25:47.217Z] Fetched federal tax brackets.
[2025-05-02T06:25:47.277Z] Fetched federal tax brackets.
[2025-05-02T06:25:50.787Z] Fetched tax data for state: New Jersey
[2025-05-02T06:25:50.876Z] Fetched tax data for state: New Jersey
[2025-05-02T06:25:52.901Z] Fetched all state names.
[2025-05-02T06:25:52.996Z] Fetched all state names.
[2025-05-02T06:25:53.003Z] Fetched federal tax brackets.
[2025-05-02T06:25:53.060Z] Fetched federal tax brackets.
[2025-05-02T06:27:44.448Z] Fetched tax data for state: New Jersey
[2025-05-02T06:27:44.507Z] Fetched tax data for state: New Jersey
[2025-05-02T06:28:37.505Z] Tax data uploaded successfully.
[2025-05-02T06:28:39.045Z] Fetched all state names.
[2025-05-02T06:28:39.098Z] Fetched all state names.
[2025-05-02T06:28:39.103Z] Fetched federal tax brackets.
[2025-05-02T06:28:39.157Z] Fetched federal tax brackets.
[2025-05-02T06:28:42.381Z] Fetched tax data for state: New York
[2025-05-02T06:28:42.444Z] Fetched tax data for state: New York
